!_TAG_EXTRA_DESCRIPTION	anonymous	/Include tags for non-named objects like lambda/
!_TAG_EXTRA_DESCRIPTION	fileScope	/Include tags of file scope/
!_TAG_EXTRA_DESCRIPTION	pseudo	/Include pseudo tags/
!_TAG_EXTRA_DESCRIPTION	subparser	/Include tags generated by subparsers/
!_TAG_FIELD_DESCRIPTION	epoch	/the last modified time of the input file (only for F\/file kind tag)/
!_TAG_FIELD_DESCRIPTION	file	/File-restricted scoping/
!_TAG_FIELD_DESCRIPTION	inherits	/Inheritance information/
!_TAG_FIELD_DESCRIPTION	input	/input file/
!_TAG_FIELD_DESCRIPTION	name	/tag name/
!_TAG_FIELD_DESCRIPTION	pattern	/pattern/
!_TAG_FIELD_DESCRIPTION	typeref	/Type and name of a variable or typedef/
!_TAG_FIELD_DESCRIPTION!C++	name	/aliased names/
!_TAG_FILE_FORMAT	2	/extended format; --format=1 will not append ;" to lines/
!_TAG_FILE_SORTED	1	/0=unsorted, 1=sorted, 2=foldcase/
!_TAG_KIND_DESCRIPTION!C	d,macro	/macro definitions/
!_TAG_KIND_DESCRIPTION!C	e,enumerator	/enumerators (values inside an enumeration)/
!_TAG_KIND_DESCRIPTION!C	f,function	/function definitions/
!_TAG_KIND_DESCRIPTION!C	g,enum	/enumeration names/
!_TAG_KIND_DESCRIPTION!C	h,header	/included header files/
!_TAG_KIND_DESCRIPTION!C	m,member	/struct, and union members/
!_TAG_KIND_DESCRIPTION!C	s,struct	/structure names/
!_TAG_KIND_DESCRIPTION!C	t,typedef	/typedefs/
!_TAG_KIND_DESCRIPTION!C	u,union	/union names/
!_TAG_KIND_DESCRIPTION!C	v,variable	/variable definitions/
!_TAG_KIND_DESCRIPTION!C++	M,module	/modules/
!_TAG_KIND_DESCRIPTION!C++	P,partition	/partitions/
!_TAG_KIND_DESCRIPTION!C++	c,class	/classes/
!_TAG_KIND_DESCRIPTION!C++	d,macro	/macro definitions/
!_TAG_KIND_DESCRIPTION!C++	e,enumerator	/enumerators (values inside an enumeration)/
!_TAG_KIND_DESCRIPTION!C++	f,function	/function definitions/
!_TAG_KIND_DESCRIPTION!C++	g,enum	/enumeration names/
!_TAG_KIND_DESCRIPTION!C++	h,header	/included header files/
!_TAG_KIND_DESCRIPTION!C++	m,member	/class, struct, and union members/
!_TAG_KIND_DESCRIPTION!C++	n,namespace	/namespaces/
!_TAG_KIND_DESCRIPTION!C++	s,struct	/structure names/
!_TAG_KIND_DESCRIPTION!C++	t,typedef	/typedefs/
!_TAG_KIND_DESCRIPTION!C++	u,union	/union names/
!_TAG_KIND_DESCRIPTION!C++	v,variable	/variable definitions/
!_TAG_KIND_DESCRIPTION!Iniconf	k,key	/keys/
!_TAG_KIND_DESCRIPTION!Iniconf	s,section	/sections/
!_TAG_KIND_DESCRIPTION!JSON	a,array	/arrays/
!_TAG_KIND_DESCRIPTION!JSON	b,boolean	/booleans/
!_TAG_KIND_DESCRIPTION!JSON	n,number	/numbers/
!_TAG_KIND_DESCRIPTION!JSON	o,object	/objects/
!_TAG_KIND_DESCRIPTION!JSON	s,string	/strings/
!_TAG_KIND_DESCRIPTION!JSON	z,null	/nulls/
!_TAG_KIND_DESCRIPTION!Make	I,makefile	/makefiles/
!_TAG_KIND_DESCRIPTION!Make	m,macro	/macros/
!_TAG_KIND_DESCRIPTION!Make	t,target	/targets/
!_TAG_KIND_DESCRIPTION!Man	S,subsection	/sub sections/
!_TAG_KIND_DESCRIPTION!Man	s,section	/sections/
!_TAG_KIND_DESCRIPTION!Man	t,title	/titles/
!_TAG_KIND_DESCRIPTION!Markdown	S,subsection	/level 2 sections/
!_TAG_KIND_DESCRIPTION!Markdown	T,l4subsection	/level 4 sections/
!_TAG_KIND_DESCRIPTION!Markdown	c,chapter	/chapters/
!_TAG_KIND_DESCRIPTION!Markdown	h,hashtag	/hashtags/
!_TAG_KIND_DESCRIPTION!Markdown	n,footnote	/footnotes/
!_TAG_KIND_DESCRIPTION!Markdown	s,section	/sections/
!_TAG_KIND_DESCRIPTION!Markdown	t,subsubsection	/level 3 sections/
!_TAG_KIND_DESCRIPTION!Markdown	u,l5subsection	/level 5 sections/
!_TAG_KIND_DESCRIPTION!Sh	a,alias	/aliases/
!_TAG_KIND_DESCRIPTION!Sh	f,function	/functions/
!_TAG_KIND_DESCRIPTION!Sh	h,heredoc	/label for here document/
!_TAG_KIND_DESCRIPTION!Sh	s,script	/script files/
!_TAG_OUTPUT_EXCMD	number	/number, pattern, mixed, or combineV2/
!_TAG_OUTPUT_FILESEP	slash	/slash or backslash/
!_TAG_OUTPUT_MODE	u-ctags	/u-ctags or e-ctags/
!_TAG_OUTPUT_VERSION	1.1	/current.age/
!_TAG_PARSER_VERSION!C	1.1	/current.age/
!_TAG_PARSER_VERSION!C++	1.1	/current.age/
!_TAG_PARSER_VERSION!Iniconf	0.0	/current.age/
!_TAG_PARSER_VERSION!JSON	0.0	/current.age/
!_TAG_PARSER_VERSION!Make	1.1	/current.age/
!_TAG_PARSER_VERSION!Man	0.0	/current.age/
!_TAG_PARSER_VERSION!Markdown	1.1	/current.age/
!_TAG_PARSER_VERSION!Sh	0.0	/current.age/
!_TAG_PATTERN_LENGTH_LIMIT	96	/0 for no limit/
!_TAG_PROC_CWD	/home/new/dwm/	//
!_TAG_PROGRAM_AUTHOR	Universal Ctags Team	//
!_TAG_PROGRAM_NAME	Universal Ctags	/Derived from Exuberant Ctags/
!_TAG_PROGRAM_URL	https://ctags.io/	/official site/
!_TAG_PROGRAM_VERSION	6.2.0	/v6.2.0/
!_TAG_ROLE_DESCRIPTION!C!function	foreigndecl	/declared in foreign languages/
!_TAG_ROLE_DESCRIPTION!C!header	local	/local header/
!_TAG_ROLE_DESCRIPTION!C!header	system	/system header/
!_TAG_ROLE_DESCRIPTION!C!macro	undef	/undefined/
!_TAG_ROLE_DESCRIPTION!C!struct	foreigndecl	/declared in foreign languages/
!_TAG_ROLE_DESCRIPTION!C++!header	exported	/exported with "exported imported ..."/
!_TAG_ROLE_DESCRIPTION!C++!header	imported	/imported with "imported ..."/
!_TAG_ROLE_DESCRIPTION!C++!header	local	/local header/
!_TAG_ROLE_DESCRIPTION!C++!header	system	/system header/
!_TAG_ROLE_DESCRIPTION!C++!macro	undef	/undefined/
!_TAG_ROLE_DESCRIPTION!C++!module	imported	/imported with "imported ..."/
!_TAG_ROLE_DESCRIPTION!C++!module	partOwner	/used for specifying a partition/
!_TAG_ROLE_DESCRIPTION!C++!partition	imported	/imported with "imported ..."/
!_TAG_ROLE_DESCRIPTION!Make!makefile	included	/included/
!_TAG_ROLE_DESCRIPTION!Make!makefile	optional	/optionally included/
!_TAG_ROLE_DESCRIPTION!Sh!heredoc	endmarker	/end marker/
!_TAG_ROLE_DESCRIPTION!Sh!script	loaded	/loaded/
${OBJ}	Makefile	14;"	t
.c.o	Makefile	11;"	t
0	compile_commands.json	25;"	s	array:1.arguments
0	compile_commands.json	2;"	o
0	compile_commands.json	46;"	s	array:2.arguments
0	compile_commands.json	4;"	s	array:0.arguments
0	compile_commands.json	67;"	s	array:3.arguments
1	compile_commands.json	23;"	o
1	compile_commands.json	26;"	s	array:1.arguments
1	compile_commands.json	47;"	s	array:2.arguments
1	compile_commands.json	5;"	s	array:0.arguments
1	compile_commands.json	68;"	s	array:3.arguments
10	compile_commands.json	14;"	s	array:0.arguments
10	compile_commands.json	35;"	s	array:1.arguments
10	compile_commands.json	56;"	s	array:2.arguments
10	compile_commands.json	77;"	s	array:3.arguments
11	compile_commands.json	15;"	s	array:0.arguments
11	compile_commands.json	36;"	s	array:1.arguments
11	compile_commands.json	57;"	s	array:2.arguments
11	compile_commands.json	78;"	s	array:3.arguments
12	compile_commands.json	16;"	s	array:0.arguments
12	compile_commands.json	37;"	s	array:1.arguments
12	compile_commands.json	58;"	s	array:2.arguments
12	compile_commands.json	79;"	s	array:3.arguments
13	compile_commands.json	17;"	s	array:0.arguments
13	compile_commands.json	38;"	s	array:1.arguments
13	compile_commands.json	59;"	s	array:2.arguments
13	compile_commands.json	80;"	s	array:3.arguments
14	compile_commands.json	18;"	s	array:0.arguments
14	compile_commands.json	39;"	s	array:1.arguments
14	compile_commands.json	60;"	s	array:2.arguments
14	compile_commands.json	81;"	s	array:3.arguments
2	compile_commands.json	27;"	s	array:1.arguments
2	compile_commands.json	44;"	o
2	compile_commands.json	48;"	s	array:2.arguments
2	compile_commands.json	69;"	s	array:3.arguments
2	compile_commands.json	6;"	s	array:0.arguments
3	compile_commands.json	28;"	s	array:1.arguments
3	compile_commands.json	49;"	s	array:2.arguments
3	compile_commands.json	65;"	o
3	compile_commands.json	70;"	s	array:3.arguments
3	compile_commands.json	7;"	s	array:0.arguments
4	compile_commands.json	29;"	s	array:1.arguments
4	compile_commands.json	50;"	s	array:2.arguments
4	compile_commands.json	71;"	s	array:3.arguments
4	compile_commands.json	8;"	s	array:0.arguments
5	compile_commands.json	30;"	s	array:1.arguments
5	compile_commands.json	51;"	s	array:2.arguments
5	compile_commands.json	72;"	s	array:3.arguments
5	compile_commands.json	9;"	s	array:0.arguments
6	compile_commands.json	10;"	s	array:0.arguments
6	compile_commands.json	31;"	s	array:1.arguments
6	compile_commands.json	52;"	s	array:2.arguments
6	compile_commands.json	73;"	s	array:3.arguments
6.1 Basics of Structures	6.1-Basics-of-Structures.md	1;"	s
6.1 Basics of Structures	Chapter 6_ Structures.md	6;"	s	chapter:CHAPTER 6: Structures
6.2 Structures and Functions	6.2-Structures-and-Functions.md	1;"	s
6.2 Structures and Functions	Chapter 6_ Structures.md	35;"	s	chapter:CHAPTER 6: Structures
6.3 Arrays of Structures	6.3-Arrays-of-Structures.md	1;"	s
6.3 Arrays of Structures	Chapter 6_ Structures.md	160;"	s	chapter:CHAPTER 6: Structures
6.4 Pointers to Structures	6.4-Pointers-to-Structures.md	1;"	s
6.4 Pointers to Structures	Chapter 6_ Structures.md	276;"	s	chapter:CHAPTER 6: Structures
6.5 Self-referential Structures	6.5-Self-referential-Structures.md	1;"	s
6.5 Self-referential Structures	Chapter 6_ Structures.md	372;"	s	chapter:CHAPTER 6: Structures
6.6 Table Lookup	6.6-Table-Lookup.md	1;"	s
6.6 Table Lookup	Chapter 6_ Structures.md	515;"	s	chapter:CHAPTER 6: Structures
6.7 Typedef	6.7-Typedef.md	1;"	s
6.7 Typedef	Chapter 6_ Structures.md	602;"	s	chapter:CHAPTER 6: Structures
6.8 Unions	6.8-Unions.md	1;"	s
6.8 Unions	Chapter 6_ Structures.md	650;"	s	chapter:CHAPTER 6: Structures
6.9 Bit-fields	6.9-Bit-fields.md	1;"	s
6.9 Bit-fields	Chapter 6_ Structures.md	693;"	s	chapter:CHAPTER 6: Structures
7	compile_commands.json	11;"	s	array:0.arguments
7	compile_commands.json	32;"	s	array:1.arguments
7	compile_commands.json	53;"	s	array:2.arguments
7	compile_commands.json	74;"	s	array:3.arguments
8	compile_commands.json	12;"	s	array:0.arguments
8	compile_commands.json	33;"	s	array:1.arguments
8	compile_commands.json	54;"	s	array:2.arguments
8	compile_commands.json	75;"	s	array:3.arguments
9	compile_commands.json	13;"	s	array:0.arguments
9	compile_commands.json	34;"	s	array:1.arguments
9	compile_commands.json	55;"	s	array:2.arguments
9	compile_commands.json	76;"	s	array:3.arguments
Accessing the Data: The Dot `.` vs. The Arrow `->`	.cursor/rules/structures.md	72;"	S
Arg	dwm.c	74;"	t	typeref:union:__anon0f53a99e060a	file:
BETWEEN	util.h	5;"	d
BUGS	dwm.1	175;"	s	title:DWM
BUTTONMASK	dwm.c	48;"	d	file:
Button	dwm.c	82;"	t	typeref:struct:__anon0f53a99e0708	file:
CC	config.mk	39;"	m
CFLAGS	config.mk	31;"	m
CHAPTER 6: Structures	.md	2;"	c
CHAPTER 6: Structures	Chapter 6_ Structures.md	2;"	c
CLEANMASK	dwm.c	49;"	d	file:
CPPFLAGS	config.mk	29;"	m
CUSTOMIZATION	dwm.1	155;"	s	title:DWM
Client	dwm.c	85;"	t	typeref:struct:Client	file:
Client	dwm.c	86;"	s	file:
ClkClientWin	dwm.c	67;"	e	enum:__anon0f53a99e0503	file:
ClkLast	dwm.c	67;"	e	enum:__anon0f53a99e0503	file:
ClkLtSymbol	dwm.c	66;"	e	enum:__anon0f53a99e0503	file:
ClkRootWin	dwm.c	67;"	e	enum:__anon0f53a99e0503	file:
ClkStatusText	dwm.c	66;"	e	enum:__anon0f53a99e0503	file:
ClkTagBar	dwm.c	66;"	e	enum:__anon0f53a99e0503	file:
ClkWinTitle	dwm.c	66;"	e	enum:__anon0f53a99e0503	file:
Clr	drw.h	16;"	t	typeref:typename:XftColor
ColBg	drw.h	15;"	e	enum:__anon0f5116480203
ColBorder	drw.h	15;"	e	enum:__anon0f5116480203
ColFg	drw.h	15;"	e	enum:__anon0f5116480203
Cur	drw.h	5;"	t	typeref:struct:__anon0f5116480108
CurLast	dwm.c	60;"	e	enum:__anon0f53a99e0103	file:
CurMove	dwm.c	60;"	e	enum:__anon0f53a99e0103	file:
CurNormal	dwm.c	60;"	e	enum:__anon0f53a99e0103	file:
CurResize	dwm.c	60;"	e	enum:__anon0f53a99e0103	file:
DESCRIPTION	dwm.1	7;"	s	title:DWM
DWM	dwm.1	1;"	t
Drw	drw.h	27;"	t	typeref:struct:__anon0f5116480308
FREETYPEINC	config.mk	19;"	m
FREETYPELIBS	config.mk	18;"	m
Fnt	drw.h	13;"	t	typeref:struct:Fnt
Fnt	drw.h	7;"	s
From Books to Windows: `Monitor` and `Client`	.cursor/rules/structures.md	37;"	S
HEIGHT	dwm.c	55;"	d	file:
INCS	config.mk	25;"	m
INTERSECT	dwm.c	50;"	d	file:
ISSUES	dwm.1	161;"	s	title:DWM
ISVISIBLE	dwm.c	52;"	d	file:
Key	dwm.c	106;"	t	typeref:struct:__anon0f53a99e0808	file:
Keyboard commands	dwm.1	57;"	S	section:DWM""USAGE
LDFLAGS	config.mk	32;"	m
LENGTH	util.h	6;"	d
LIBS	config.mk	26;"	m
Layout	dwm.c	111;"	t	typeref:struct:__anon0f53a99e0908	file:
MANPREFIX	config.mk	8;"	m
MAX	util.h	3;"	d
MIN	util.h	4;"	d
MODKEY	config.def.h	48;"	d
MODKEY	config.h	50;"	d
MOUSEMASK	dwm.c	53;"	d	file:
Monitor	dwm.c	113;"	s	file:
Monitor	dwm.c	84;"	t	typeref:struct:Monitor	file:
Mouse commands	dwm.1	145;"	S	section:DWM""USAGE
NAME	dwm.1	2;"	s	title:DWM
NetActiveWindow	dwm.c	63;"	e	enum:__anon0f53a99e0303	file:
NetClientList	dwm.c	64;"	e	enum:__anon0f53a99e0303	file:
NetLast	dwm.c	64;"	e	enum:__anon0f53a99e0303	file:
NetSupported	dwm.c	62;"	e	enum:__anon0f53a99e0303	file:
NetWMCheck	dwm.c	62;"	e	enum:__anon0f53a99e0303	file:
NetWMFullscreen	dwm.c	63;"	e	enum:__anon0f53a99e0303	file:
NetWMName	dwm.c	62;"	e	enum:__anon0f53a99e0303	file:
NetWMState	dwm.c	62;"	e	enum:__anon0f53a99e0303	file:
NetWMWindowType	dwm.c	63;"	e	enum:__anon0f53a99e0303	file:
NetWMWindowTypeDialog	dwm.c	64;"	e	enum:__anon0f53a99e0303	file:
NumTags	dwm.c	274;"	s	file:
OBJ	Makefile	7;"	m
OPTIONS	dwm.1	33;"	s	title:DWM
PREFIX	config.mk	7;"	m
Rule	dwm.c	141;"	t	typeref:struct:__anon0f53a99e0a08	file:
SEE ALSO	dwm.1	158;"	s	title:DWM
SHCMD	config.def.h	56;"	d
SHCMD	config.h	58;"	d
SRC	Makefile	6;"	m
SYNOPSIS	dwm.1	4;"	s	title:DWM
SchemeNorm	dwm.c	61;"	e	enum:__anon0f53a99e0203	file:
SchemeSel	dwm.c	61;"	e	enum:__anon0f53a99e0203	file:
Status bar	dwm.1	38;"	S	section:DWM""USAGE
TAGKEYS	config.def.h	49;"	d
TAGKEYS	config.h	51;"	d
TAGMASK	dwm.c	56;"	d	file:
TEXTW	dwm.c	57;"	d	file:
The Analogy: A Scavenger Hunt	.cursor/rules/structures.md	152;"	S
The Analogy: A Scavenger Hunt	.cursor/rules/structures.md	188;"	S
The Core Idea: Why Bother with Structs?	.cursor/rules/structures.md	5;"	S
The Real Power: Linking Structures Together	.cursor/rules/structures.md	105;"	S
USAGE	dwm.1	37;"	s	title:DWM
UTF_INVALID	drw.c	11;"	d	file:
VERSION	config.mk	2;"	m
Visualizing the `dwm` Client List	.cursor/rules/structures.md	179;"	S
Visualizing the `dwm` Client List	.cursor/rules/structures.md	215;"	S
WIDTH	dwm.c	54;"	d	file:
WMDelete	dwm.c	65;"	e	enum:__anon0f53a99e0403	file:
WMLast	dwm.c	65;"	e	enum:__anon0f53a99e0403	file:
WMProtocols	dwm.c	65;"	e	enum:__anon0f53a99e0403	file:
WMState	dwm.c	65;"	e	enum:__anon0f53a99e0403	file:
WMTakeFocus	dwm.c	65;"	e	enum:__anon0f53a99e0403	file:
Why is this so cool?	.cursor/rules/structures.md	223;"	S
X11INC	config.mk	10;"	m
X11LIB	config.mk	11;"	m
XINERAMAFLAGS	config.mk	15;"	m
XINERAMALIBS	config.mk	14;"	m
Your First Challenge	.cursor/rules/structures.md	136;"	S
__anon0f5116480108	drw.h	3;"	s
__anon0f5116480203	drw.h	15;"	g
__anon0f5116480308	drw.h	18;"	s
__anon0f53a99e0103	dwm.c	60;"	g	file:
__anon0f53a99e0203	dwm.c	61;"	g	file:
__anon0f53a99e0303	dwm.c	62;"	g	file:
__anon0f53a99e0403	dwm.c	65;"	g	file:
__anon0f53a99e0503	dwm.c	66;"	g	file:
__anon0f53a99e060a	dwm.c	69;"	u	file:
__anon0f53a99e0708	dwm.c	76;"	s	file:
__anon0f53a99e0808	dwm.c	101;"	s	file:
__anon0f53a99e0908	dwm.c	108;"	s	file:
__anon0f53a99e0a08	dwm.c	134;"	s	file:
all	Makefile	9;"	t
applyrules	dwm.c	278;"	f	typeref:typename:void
applysizehints	dwm.c	314;"	f	typeref:typename:int
arg	dwm.c	105;"	m	struct:__anon0f53a99e0808	typeref:typename:const Arg	file:
arg	dwm.c	81;"	m	struct:__anon0f53a99e0708	typeref:typename:const Arg	file:
arguments	compile_commands.json	24;"	a	object:1
arguments	compile_commands.json	3;"	a	object:0
arguments	compile_commands.json	45;"	a	object:2
arguments	compile_commands.json	66;"	a	object:3
arrange	dwm.c	110;"	m	struct:__anon0f53a99e0908	typeref:typename:void (*)(Monitor *)	file:
arrange	dwm.c	382;"	f	typeref:typename:void
arrangemon	dwm.c	396;"	f	typeref:typename:void
attach	dwm.c	404;"	f	typeref:typename:void
attachstack	dwm.c	411;"	f	typeref:typename:void
barwin	dwm.c	130;"	m	struct:Monitor	typeref:typename:Window	file:
baseh	dwm.c	91;"	m	struct:Client	typeref:typename:int	file:
basew	dwm.c	91;"	m	struct:Client	typeref:typename:int	file:
bh	dwm.c	241;"	v	typeref:typename:int	file:
bindcode 75 exec ibus engine xkb	i3/f.conf	14;"	k
borderpx	config.def.h	4;"	v	typeref:typename:const unsigned int
borderpx	config.h	5;"	v	typeref:typename:const unsigned int
broken	dwm.c	237;"	v	typeref:typename:const char[]	file:
button	dwm.c	79;"	m	struct:__anon0f53a99e0708	typeref:typename:unsigned int	file:
buttonpress	dwm.c	418;"	f	typeref:typename:void
buttons	config.def.h	102;"	v	typeref:typename:const Button[]
buttons	config.h	115;"	v	typeref:typename:const Button[]
bw	dwm.c	92;"	m	struct:Client	typeref:typename:int	file:
by	dwm.c	118;"	m	struct:Monitor	typeref:typename:int	file:
checkotherwm	dwm.c	460;"	f	typeref:typename:void
class	dwm.c	135;"	m	struct:__anon0f53a99e0a08	typeref:typename:const char *	file:
clean	Makefile	22;"	t
cleanup	dwm.c	471;"	f	typeref:typename:void
cleanup	i3/move_files.sh	6;"	f
cleanup_pending_files	i3/move_files.sh	60;"	f
cleanupmon	dwm.c	499;"	f	typeref:typename:void
click	dwm.c	77;"	m	struct:__anon0f53a99e0708	typeref:typename:unsigned int	file:
clientmessage	dwm.c	515;"	f	typeref:typename:void
clients	dwm.c	126;"	m	struct:Monitor	typeref:typename:Client *	file:
col_cyan	config.def.h	14;"	v	typeref:typename:const char[]
col_cyan	config.h	15;"	v	typeref:typename:const char[]
col_gray1	config.def.h	10;"	v	typeref:typename:const char[]
col_gray1	config.h	11;"	v	typeref:typename:const char[]
col_gray2	config.def.h	11;"	v	typeref:typename:const char[]
col_gray2	config.h	12;"	v	typeref:typename:const char[]
col_gray3	config.def.h	12;"	v	typeref:typename:const char[]
col_gray3	config.h	13;"	v	typeref:typename:const char[]
col_gray4	config.def.h	13;"	v	typeref:typename:const char[]
col_gray4	config.h	14;"	v	typeref:typename:const char[]
colors	config.def.h	15;"	v	typeref:typename:const char * [][3]
colors	config.h	16;"	v	typeref:typename:const char * [][3]
config.h	Makefile	16;"	t
configure	dwm.c	534;"	f	typeref:typename:void
configurenotify	dwm.c	553;"	f	typeref:typename:void
configurerequest	dwm.c	581;"	f	typeref:typename:void
createmon	dwm.c	633;"	f	typeref:typename:Monitor *
cursor	drw.h	4;"	m	struct:__anon0f5116480108	typeref:typename:Cursor
cursor	dwm.c	263;"	v	typeref:typename:Cur * []	file:
define	6.3-Arrays-of-Structures.md	75;"	h	section:6.3 Arrays of Structures
define	6.3-Arrays-of-Structures.md	85;"	h	section:6.3 Arrays of Structures
define	6.6-Table-Lookup.md	3;"	h	section:6.6 Table Lookup
define	6.6-Table-Lookup.md	86;"	h	section:6.6 Table Lookup
define	6.7-Typedef.md	35;"	h	section:6.7 Typedef
define	Chapter 6_ Structures.md	232;"	h	section:CHAPTER 6: Structures""6.3 Arrays of Structures
define	Chapter 6_ Structures.md	242;"	h	section:CHAPTER 6: Structures""6.3 Arrays of Structures
define	Chapter 6_ Structures.md	517;"	h	section:CHAPTER 6: Structures""6.6 Table Lookup
define	Chapter 6_ Structures.md	600;"	h	section:CHAPTER 6: Structures""6.6 Table Lookup
define	Chapter 6_ Structures.md	636;"	h	section:CHAPTER 6: Structures""6.7 Typedef
defines	6.9-Bit-fields.md	21;"	h	section:6.9 Bit-fields
defines	Chapter 6_ Structures.md	713;"	h	section:CHAPTER 6: Structures""6.9 Bit-fields
define HASHSIZE 101	6.6-Table-Lookup.md	17;"	h	section:6.6 Table Lookup
define HASHSIZE 101	Chapter 6_ Structures.md	531;"	h	section:CHAPTER 6: Structures""6.6 Table Lookup
define MAXWORD 100	6.3-Arrays-of-Structures.md	15;"	h	section:6.3 Arrays of Structures
define MAXWORD 100	6.4-Pointers-to-Structures.md	10;"	h	section:6.4 Pointers to Structures
define MAXWORD 100	6.5-Self-referential-Structures.md	41;"	h	section:6.5 Self-referential Structures
define MAXWORD 100	Chapter 6_ Structures.md	172;"	h	section:CHAPTER 6: Structures""6.3 Arrays of Structures
define MAXWORD 100	Chapter 6_ Structures.md	285;"	h	section:CHAPTER 6: Structures""6.4 Pointers to Structures
define MAXWORD 100	Chapter 6_ Structures.md	412;"	h	section:CHAPTER 6: Structures""6.5 Self-referential Structures
define max	6.2-Structures-and-Functions.md	63;"	h	section:6.2 Structures and Functions
define max	Chapter 6_ Structures.md	97;"	h	section:CHAPTER 6: Structures""6.2 Structures and Functions
define min	6.2-Structures-and-Functions.md	62;"	h	section:6.2 Structures and Functions
define min	Chapter 6_ Structures.md	96;"	h	section:CHAPTER 6: Structures""6.2 Structures and Functions
define  NKEYS  	6.3-Arrays-of-Structures.md	77;"	h	section:6.3 Arrays of Structures
define  NKEYS  	6.3-Arrays-of-Structures.md	81;"	h	section:6.3 Arrays of Structures
define  NKEYS  	Chapter 6_ Structures.md	234;"	h	section:CHAPTER 6: Structures""6.3 Arrays of Structures
define  NKEYS  	Chapter 6_ Structures.md	238;"	h	section:CHAPTER 6: Structures""6.3 Arrays of Structures
destroynotify	dwm.c	650;"	f	typeref:typename:void
detach	dwm.c	660;"	f	typeref:typename:void
detachstack	dwm.c	669;"	f	typeref:typename:void
die	util.c	11;"	f	typeref:typename:void
directory	compile_commands.json	20;"	s	object:0
directory	compile_commands.json	41;"	s	object:1
directory	compile_commands.json	62;"	s	object:2
directory	compile_commands.json	83;"	s	object:3
dirtomon	dwm.c	683;"	f	typeref:typename:Monitor *
dist	Makefile	25;"	t
dmenucmd	config.def.h	60;"	v	typeref:typename:const char * []
dmenucmd	config.h	62;"	v	typeref:typename:const char * []
dmenufont	config.def.h	9;"	v	typeref:typename:const char[]
dmenufont	config.h	10;"	v	typeref:typename:const char[]
dmenumon	config.def.h	59;"	v	typeref:typename:char[2]
dmenumon	config.h	61;"	v	typeref:typename:char[2]
downvol	config.h	66;"	v	typeref:typename:const char * []
dpy	drw.h	20;"	m	struct:__anon0f5116480308	typeref:typename:Display *
dpy	drw.h	8;"	m	struct:Fnt	typeref:typename:Display *
dpy	dwm.c	265;"	v	typeref:typename:Display *	file:
drawable	drw.h	23;"	m	struct:__anon0f5116480308	typeref:typename:Drawable
drawbar	dwm.c	698;"	f	typeref:typename:void
drawbars	dwm.c	751;"	f	typeref:typename:void
drw	dwm.c	266;"	v	typeref:typename:Drw *	file:
drw_clr_create	drw.c	170;"	f	typeref:typename:void
drw_create	drw.c	50;"	f	typeref:typename:Drw *
drw_cur_create	drw.c	428;"	f	typeref:typename:Cur *
drw_cur_free	drw.c	441;"	f	typeref:typename:void
drw_font_getexts	drw.c	413;"	f	typeref:typename:void
drw_fontset_create	drw.c	143;"	f	typeref:typename:Fnt *
drw_fontset_free	drw.c	161;"	f	typeref:typename:void
drw_fontset_getwidth	drw.c	396;"	f	typeref:typename:unsigned int
drw_fontset_getwidth_clamp	drw.c	404;"	f	typeref:typename:unsigned int
drw_free	drw.c	80;"	f	typeref:typename:void
drw_map	drw.c	386;"	f	typeref:typename:void
drw_rect	drw.c	213;"	f	typeref:typename:void
drw_resize	drw.c	67;"	f	typeref:typename:void
drw_scm_create	drw.c	184;"	f	typeref:typename:Clr *
drw_setfontset	drw.c	199;"	f	typeref:typename:void
drw_setscheme	drw.c	206;"	f	typeref:typename:void
drw_text	drw.c	225;"	f	typeref:typename:int
dwm	Makefile	19;"	t
ecalloc	util.c	30;"	f	typeref:typename:void *
enternotify	dwm.c	760;"	f	typeref:typename:void
expose	dwm.c	779;"	f	typeref:typename:void
f	dwm.c	72;"	m	union:__anon0f53a99e060a	typeref:typename:float	file:
file	compile_commands.json	21;"	s	object:0
file	compile_commands.json	42;"	s	object:1
file	compile_commands.json	63;"	s	object:2
file	compile_commands.json	84;"	s	object:3
focus	dwm.c	789;"	f	typeref:typename:void
focusin	dwm.c	815;"	f	typeref:typename:void
focusmon	dwm.c	824;"	f	typeref:typename:void
focusstack	dwm.c	838;"	f	typeref:typename:void
fonts	config.def.h	8;"	v	typeref:typename:const char * []
fonts	config.h	9;"	v	typeref:typename:const char * []
fonts	drw.h	26;"	m	struct:__anon0f5116480308	typeref:typename:Fnt *
func	dwm.c	104;"	m	struct:__anon0f53a99e0808	typeref:typename:void (*)(const Arg *)	file:
func	dwm.c	80;"	m	struct:__anon0f53a99e0708	typeref:typename:void (*)(const Arg * arg)	file:
gc	drw.h	24;"	m	struct:__anon0f5116480308	typeref:typename:GC
getatomprop	dwm.c	864;"	f	typeref:typename:Atom
getrootptr	dwm.c	880;"	f	typeref:typename:int
getstate	dwm.c	890;"	f	typeref:typename:long
gettextprop	dwm.c	908;"	f	typeref:typename:int
grabbuttons	dwm.c	931;"	f	typeref:typename:void
grabkeys	dwm.c	952;"	f	typeref:typename:void
h	drw.h	19;"	m	struct:__anon0f5116480308	typeref:typename:unsigned int
h	drw.h	9;"	m	struct:Fnt	typeref:typename:unsigned int
h	dwm.c	89;"	m	struct:Client	typeref:typename:int	file:
handler	dwm.c	245;"	v	typeref:typename:void (* [LASTEvent])(XEvent *)	file:
hintsvalid	dwm.c	91;"	m	struct:Client	typeref:typename:int	file:
i	dwm.c	70;"	m	union:__anon0f53a99e060a	typeref:typename:int	file:
if	6.3-Arrays-of-Structures.md	85;"	h	section:6.3 Arrays of Structures
if	Chapter 6_ Structures.md	242;"	h	section:CHAPTER 6: Structures""6.3 Arrays of Structures
inch	dwm.c	91;"	m	struct:Client	typeref:typename:int	file:
include 	6.3-Arrays-of-Structures.md	11;"	h	section:6.3 Arrays of Structures
include 	6.3-Arrays-of-Structures.md	12;"	h	section:6.3 Arrays of Structures
include 	6.3-Arrays-of-Structures.md	13;"	h	section:6.3 Arrays of Structures
include 	6.4-Pointers-to-Structures.md	7;"	h	section:6.4 Pointers to Structures
include 	6.4-Pointers-to-Structures.md	8;"	h	section:6.4 Pointers to Structures
include 	6.4-Pointers-to-Structures.md	9;"	h	section:6.4 Pointers to Structures
include 	6.5-Self-referential-Structures.md	112;"	h	section:6.5 Self-referential Structures
include 	6.5-Self-referential-Structures.md	37;"	h	section:6.5 Self-referential Structures
include 	6.5-Self-referential-Structures.md	38;"	h	section:6.5 Self-referential Structures
include 	6.5-Self-referential-Structures.md	39;"	h	section:6.5 Self-referential Structures
include 	Chapter 6_ Structures.md	168;"	h	section:CHAPTER 6: Structures""6.3 Arrays of Structures
include 	Chapter 6_ Structures.md	169;"	h	section:CHAPTER 6: Structures""6.3 Arrays of Structures
include 	Chapter 6_ Structures.md	170;"	h	section:CHAPTER 6: Structures""6.3 Arrays of Structures
include 	Chapter 6_ Structures.md	282;"	h	section:CHAPTER 6: Structures""6.4 Pointers to Structures
include 	Chapter 6_ Structures.md	283;"	h	section:CHAPTER 6: Structures""6.4 Pointers to Structures
include 	Chapter 6_ Structures.md	284;"	h	section:CHAPTER 6: Structures""6.4 Pointers to Structures
include 	Chapter 6_ Structures.md	408;"	h	section:CHAPTER 6: Structures""6.5 Self-referential Structures
include 	Chapter 6_ Structures.md	409;"	h	section:CHAPTER 6: Structures""6.5 Self-referential Structures
include 	Chapter 6_ Structures.md	410;"	h	section:CHAPTER 6: Structures""6.5 Self-referential Structures
include 	Chapter 6_ Structures.md	483;"	h	section:CHAPTER 6: Structures""6.5 Self-referential Structures
incnmaster	dwm.c	980;"	f	typeref:typename:void
incw	dwm.c	91;"	m	struct:Client	typeref:typename:int	file:
install	Makefile	33;"	t
instance	dwm.c	136;"	m	struct:__anon0f53a99e0a08	typeref:typename:const char *	file:
is_valid_extension	i3/move_files.sh	44;"	f
isfixed	dwm.c	94;"	m	struct:Client	typeref:typename:int	file:
isfloating	dwm.c	139;"	m	struct:__anon0f53a99e0a08	typeref:typename:int	file:
isfloating	dwm.c	94;"	m	struct:Client	typeref:typename:int	file:
isfullscreen	dwm.c	94;"	m	struct:Client	typeref:typename:int	file:
isuniquegeom	dwm.c	988;"	f	typeref:typename:int	file:
isurgent	dwm.c	94;"	m	struct:Client	typeref:typename:int	file:
keypress	dwm.c	999;"	f	typeref:typename:void
keys	config.def.h	63;"	v	typeref:typename:const Key[]
keys	config.h	71;"	v	typeref:typename:const Key[]
keysym	dwm.c	103;"	m	struct:__anon0f53a99e0808	typeref:typename:KeySym	file:
killclient	dwm.c	1015;"	f	typeref:typename:void
layouts	config.def.h	40;"	v	typeref:typename:const Layout[]
layouts	config.h	42;"	v	typeref:typename:const Layout[]
lightdown	config.h	69;"	v	typeref:typename:const char * []
lightup	config.h	68;"	v	typeref:typename:const char * []
limitexceeded	dwm.c	274;"	m	struct:NumTags	typeref:typename:char[]	file:
lockfullscreen	config.def.h	38;"	v	typeref:typename:const int
lockfullscreen	config.h	40;"	v	typeref:typename:const int
lrpad	dwm.c	242;"	v	typeref:typename:int	file:
lt	dwm.c	131;"	m	struct:Monitor	typeref:typename:const Layout * [2]	file:
ltsymbol	dwm.c	114;"	m	struct:Monitor	typeref:typename:char[16]	file:
main	dwm.c	2143;"	f	typeref:typename:int
main	transient.c	8;"	f	typeref:typename:int
manage	dwm.c	1031;"	f	typeref:typename:void
mappingnotify	dwm.c	1091;"	f	typeref:typename:void
maprequest	dwm.c	1101;"	f	typeref:typename:void
mask	dwm.c	78;"	m	struct:__anon0f53a99e0708	typeref:typename:unsigned int	file:
maxa	dwm.c	88;"	m	struct:Client	typeref:typename:float	file:
maxh	dwm.c	91;"	m	struct:Client	typeref:typename:int	file:
maxw	dwm.c	91;"	m	struct:Client	typeref:typename:int	file:
mfact	config.def.h	35;"	v	typeref:typename:const float
mfact	config.h	37;"	v	typeref:typename:const float
mfact	dwm.c	115;"	m	struct:Monitor	typeref:typename:float	file:
mh	dwm.c	119;"	m	struct:Monitor	typeref:typename:int	file:
mina	dwm.c	88;"	m	struct:Client	typeref:typename:float	file:
minh	dwm.c	91;"	m	struct:Client	typeref:typename:int	file:
minw	dwm.c	91;"	m	struct:Client	typeref:typename:int	file:
mod	dwm.c	102;"	m	struct:__anon0f53a99e0808	typeref:typename:unsigned int	file:
mon	dwm.c	97;"	m	struct:Client	typeref:typename:Monitor *	file:
monitor	dwm.c	140;"	m	struct:__anon0f53a99e0a08	typeref:typename:int	file:
monocle	dwm.c	1113;"	f	typeref:typename:void
mons	dwm.c	267;"	v	typeref:typename:Monitor *	file:
motionnotify	dwm.c	1128;"	f	typeref:typename:void
movemouse	dwm.c	1145;"	f	typeref:typename:void
mutevol	config.h	67;"	v	typeref:typename:const char * []
mw	dwm.c	119;"	m	struct:Monitor	typeref:typename:int	file:
mx	dwm.c	119;"	m	struct:Monitor	typeref:typename:int	file:
my	dwm.c	119;"	m	struct:Monitor	typeref:typename:int	file:
name	dwm.c	87;"	m	struct:Client	typeref:typename:char[256]	file:
netatom	dwm.c	261;"	v	typeref:typename:Atom[]	file:
neverfocus	dwm.c	94;"	m	struct:Client	typeref:typename:int	file:
next	drw.h	12;"	m	struct:Fnt	typeref:struct:Fnt *
next	dwm.c	129;"	m	struct:Monitor	typeref:typename:Monitor *	file:
next	dwm.c	95;"	m	struct:Client	typeref:typename:Client *	file:
nexttiled	dwm.c	1205;"	f	typeref:typename:Client *
nmaster	config.def.h	36;"	v	typeref:typename:const int
nmaster	config.h	38;"	v	typeref:typename:const int
nmaster	dwm.c	116;"	m	struct:Monitor	typeref:typename:int	file:
num	dwm.c	117;"	m	struct:Monitor	typeref:typename:int	file:
numlockmask	dwm.c	244;"	v	typeref:typename:unsigned int	file:
oldbw	dwm.c	92;"	m	struct:Client	typeref:typename:int	file:
oldh	dwm.c	90;"	m	struct:Client	typeref:typename:int	file:
oldstate	dwm.c	94;"	m	struct:Client	typeref:typename:int	file:
oldw	dwm.c	90;"	m	struct:Client	typeref:typename:int	file:
oldx	dwm.c	90;"	m	struct:Client	typeref:typename:int	file:
oldy	dwm.c	90;"	m	struct:Client	typeref:typename:int	file:
pattern	drw.h	11;"	m	struct:Fnt	typeref:typename:FcPattern *
pop	dwm.c	1212;"	f	typeref:typename:void
propertynotify	dwm.c	1221;"	f	typeref:typename:void
quit	dwm.c	1258;"	f	typeref:typename:void
recttomon	dwm.c	1264;"	f	typeref:typename:Monitor *
resize	dwm.c	1278;"	f	typeref:typename:void
resizeclient	dwm.c	1285;"	f	typeref:typename:void
resizehints	config.def.h	37;"	v	typeref:typename:const int
resizehints	config.h	39;"	v	typeref:typename:const int
resizemouse	dwm.c	1300;"	f	typeref:typename:void
restack	dwm.c	1357;"	f	typeref:typename:void
root	drw.h	22;"	m	struct:__anon0f5116480308	typeref:typename:Window
root	dwm.c	268;"	v	typeref:typename:Window	file:
rules	config.def.h	24;"	v	typeref:typename:const Rule[]
rules	config.h	25;"	v	typeref:typename:const Rule[]
run	dwm.c	1382;"	f	typeref:typename:void
running	dwm.c	262;"	v	typeref:typename:int	file:
scan	dwm.c	1393;"	f	typeref:typename:void
scheme	drw.h	25;"	m	struct:__anon0f5116480308	typeref:typename:Clr *
scheme	dwm.c	264;"	v	typeref:typename:Clr **	file:
screen	drw.h	21;"	m	struct:__anon0f5116480308	typeref:typename:int
screen	dwm.c	239;"	v	typeref:typename:int	file:
sel	dwm.c	127;"	m	struct:Monitor	typeref:typename:Client *	file:
sellt	dwm.c	122;"	m	struct:Monitor	typeref:typename:unsigned int	file:
selmon	dwm.c	267;"	v	typeref:typename:Monitor *	file:
seltags	dwm.c	121;"	m	struct:Monitor	typeref:typename:unsigned int	file:
sendevent	dwm.c	1445;"	f	typeref:typename:int
sendmon	dwm.c	1420;"	f	typeref:typename:void
setclientstate	dwm.c	1436;"	f	typeref:typename:void
setfocus	dwm.c	1470;"	f	typeref:typename:void
setfullscreen	dwm.c	1482;"	f	typeref:typename:void
setlayout	dwm.c	1510;"	f	typeref:typename:void
setmfact	dwm.c	1525;"	f	typeref:typename:void
setup	dwm.c	1539;"	f	typeref:typename:void
seturgent	dwm.c	1616;"	f	typeref:typename:void
sh	dwm.c	240;"	v	typeref:typename:int	file:
showbar	config.def.h	6;"	v	typeref:typename:const int
showbar	config.h	7;"	v	typeref:typename:const int
showbar	dwm.c	124;"	m	struct:Monitor	typeref:typename:int	file:
showhide	dwm.c	1629;"	f	typeref:typename:void
snap	config.def.h	5;"	v	typeref:typename:const unsigned int
snap	config.h	6;"	v	typeref:typename:const unsigned int
snext	dwm.c	96;"	m	struct:Client	typeref:typename:Client *	file:
spawn	dwm.c	1647;"	f	typeref:typename:void
stack	dwm.c	128;"	m	struct:Monitor	typeref:typename:Client *	file:
stext	dwm.c	238;"	v	typeref:typename:char[256]	file:
sw	dwm.c	240;"	v	typeref:typename:int	file:
symbol	dwm.c	109;"	m	struct:__anon0f53a99e0908	typeref:typename:const char *	file:
tag	dwm.c	1669;"	f	typeref:typename:void
tagmon	dwm.c	1679;"	f	typeref:typename:void
tags	config.def.h	22;"	v	typeref:typename:const char * []
tags	config.h	23;"	v	typeref:typename:const char * []
tags	dwm.c	138;"	m	struct:__anon0f53a99e0a08	typeref:typename:unsigned int	file:
tags	dwm.c	93;"	m	struct:Client	typeref:typename:unsigned int	file:
tagset	dwm.c	123;"	m	struct:Monitor	typeref:typename:unsigned int[2]	file:
termcmd	config.def.h	61;"	v	typeref:typename:const char * []
termcmd	config.h	63;"	v	typeref:typename:const char * []
tile	dwm.c	1687;"	f	typeref:typename:void
title	dwm.c	137;"	m	struct:__anon0f53a99e0a08	typeref:typename:const char *	file:
togglebar	dwm.c	1715;"	f	typeref:typename:void
togglefloating	dwm.c	1724;"	f	typeref:typename:void
toggletag	dwm.c	1738;"	f	typeref:typename:void
toggleview	dwm.c	1753;"	f	typeref:typename:void
topbar	config.def.h	7;"	v	typeref:typename:const int
topbar	config.h	8;"	v	typeref:typename:const int
topbar	dwm.c	125;"	m	struct:Monitor	typeref:typename:int	file:
ui	dwm.c	71;"	m	union:__anon0f53a99e060a	typeref:typename:unsigned int	file:
unfocus	dwm.c	1765;"	f	typeref:typename:void
uninstall	Makefile	41;"	t
unmanage	dwm.c	1778;"	f	typeref:typename:void
unmapnotify	dwm.c	1804;"	f	typeref:typename:void
updatebarpos	dwm.c	1840;"	f	typeref:typename:void
updatebars	dwm.c	1818;"	f	typeref:typename:void
updateclientlist	dwm.c	1853;"	f	typeref:typename:void
updategeom	dwm.c	1867;"	f	typeref:typename:int
updatenumlockmask	dwm.c	1945;"	f	typeref:typename:void
updatesizehints	dwm.c	1961;"	f	typeref:typename:void
updatestatus	dwm.c	2005;"	f	typeref:typename:void
updatetitle	dwm.c	2013;"	f	typeref:typename:void
updatewindowtype	dwm.c	2022;"	f	typeref:typename:void
updatewmhints	dwm.c	2034;"	f	typeref:typename:void
upvol	config.h	65;"	v	typeref:typename:const char * []
usage	split-file.sh	15;"	f
utf8decode	drw.c	14;"	f	typeref:typename:int	file:
v	dwm.c	73;"	m	union:__anon0f53a99e060a	typeref:typename:const void *	file:
view	dwm.c	2053;"	f	typeref:typename:void
w	drw.h	19;"	m	struct:__anon0f5116480308	typeref:typename:unsigned int
w	dwm.c	89;"	m	struct:Client	typeref:typename:int	file:
wh	dwm.c	120;"	m	struct:Monitor	typeref:typename:int	file:
win	dwm.c	98;"	m	struct:Client	typeref:typename:Window	file:
wintoclient	dwm.c	2065;"	f	typeref:typename:Client *
wintomon	dwm.c	2078;"	f	typeref:typename:Monitor *
wmatom	dwm.c	261;"	v	typeref:typename:Atom[]	file:
wmcheckwin	dwm.c	268;"	v	typeref:typename:Window	file:
ww	dwm.c	120;"	m	struct:Monitor	typeref:typename:int	file:
wx	dwm.c	120;"	m	struct:Monitor	typeref:typename:int	file:
wy	dwm.c	120;"	m	struct:Monitor	typeref:typename:int	file:
x	dwm.c	89;"	m	struct:Client	typeref:typename:int	file:
xerror	dwm.c	2098;"	f	typeref:typename:int
xerrordummy	dwm.c	2116;"	f	typeref:typename:int
xerrorstart	dwm.c	2124;"	f	typeref:typename:int
xerrorxlib	dwm.c	243;"	v	typeref:typename:int (*)(Display *,XErrorEvent *)	file:
xfont	drw.h	10;"	m	struct:Fnt	typeref:typename:XftFont *
xfont_create	drw.c	92;"	f	typeref:typename:Fnt *	file:
xfont_free	drw.c	132;"	f	typeref:typename:void	file:
y	dwm.c	89;"	m	struct:Client	typeref:typename:int	file:
zoom	dwm.c	2131;"	f	typeref:typename:void
